05-17-2016 @ 23:55:04 - Generating payment form for order 4579. Notify URL: https://staging.tatianafaberge.net/wc-api/WC_Gateway_Paypal/
05-17-2016 @ 23:55:04 - PayPal Request Args for order 4579: cmd=_cart&business=luca.castellone%40gmail.com&no_note=1&currency_code=EUR&charset=utf-8&rm=2&upload=1&return=https%3A%2F%2Fstaging.tatianafaberge.net%2Fcheckout%2Forder-received%2F4579%3Fkey%3Dwc_order_573b93385e8d9%26utm_nooverride%3D1&cancel_return=https%3A%2F%2Fstaging.tatianafaberge.net%2Fcart%2F%3Fcancel_order%3Dtrue%26order%3Dwc_order_573b93385e8d9%26order_id%3D4579%26redirect&page_style=&paymentaction=sale&bn=WooThemes_Cart&invoice=WC-4579&custom=%7B%22order_id%22%3A4579%2C%22order_key%22%3A%22wc_order_573b93385e8d9%22%7D&notify_url=https%3A%2F%2Fstaging.tatianafaberge.net%2Fwc-api%2FWC_Gateway_Paypal%2F&first_name=luca&last_name=castellone&company=&address1=Via+napoli+13&address2=&city=Pozzuoli&state=Napoli&zip=80078&country=IT&email=luca.castellone%40gmail.com&night_phone_b=32946442213&day_phone_b=32946442213&no_shipping=1&tax_cart=0.00&shipping_1=40.00&item_name_1=13989+GR&quantity_1=2&amount_1=214.00&item_number_1=13989+GR&lc=en
05-19-2016 @ 14:24:57 - Generating payment form for order 4820. Notify URL: https://staging.tatianafaberge.net/wc-api/WC_Gateway_Paypal/
05-19-2016 @ 14:24:57 - PayPal Request Args for order 4820: cmd=_cart&business=luca.castellone%40gmail.com&no_note=1&currency_code=EUR&charset=utf-8&rm=2&upload=1&return=https%3A%2F%2Fstaging.tatianafaberge.net%2Fcheckout%2Forder-received%2F4820%3Fkey%3Dwc_order_573db097b8e1f%26utm_nooverride%3D1&cancel_return=https%3A%2F%2Fstaging.tatianafaberge.net%2Fcart%2F%3Fcancel_order%3Dtrue%26order%3Dwc_order_573db097b8e1f%26order_id%3D4820%26redirect&page_style=&paymentaction=sale&bn=WooThemes_Cart&invoice=WC-4820&custom=%7B%22order_id%22%3A4820%2C%22order_key%22%3A%22wc_order_573db097b8e1f%22%7D&notify_url=https%3A%2F%2Fstaging.tatianafaberge.net%2Fwc-api%2FWC_Gateway_Paypal%2F&first_name=luca&last_name=castellone&company=&address1=Via+napoli+13&address2=&city=Pozzuoli&state=Napoli&zip=80078&country=IT&email=luca.castellone%40gmail.com&night_phone_b=32946442213&day_phone_b=32946442213&no_shipping=1&tax_cart=0.00&shipping_1=40.00&item_name_1=P000816-B-W+%28+Size%3A+28+mm+%29&quantity_1=1&amount_1=128.00&item_number_1=P000816-B-W&item_name_2=P000817-R-W+%28+Size%3A+25+mm+%29&quantity_2=2&amount_2=128.00&item_number_2=P000817-R-W-1&lc=en
05-19-2016 @ 14:27:07 - Checking IPN response is valid
05-19-2016 @ 14:27:08 - IPN Request: Array
(
    [body] => Array
        (
            [cmd] => _notify-validate
            [mc_gross] => 424.00
            [invoice] => WC-4820
            [protection_eligibility] => Ineligible
            [item_number1] => P000816-B-W
            [tax] => 0.00
            [item_number2] => P000817-R-W-1
            [payer_id] => Y7Q8FQBXB3TAC
            [payment_date] => 05:27:00 May 19, 2016 PDT
            [payment_status] => Completed
            [charset] => windows-1252
            [mc_shipping] => 40.00
            [mc_handling] => 0.00
            [first_name] => test
            [mc_fee] => 14.77
            [notify_version] => 3.8
            [custom] => {"order_id":4820,"order_key":"wc_order_573db097b8e1f"}
            [payer_status] => verified
            [business] => luca.castellone@gmail.com
            [num_cart_items] => 2
            [mc_handling1] => 0.00
            [mc_handling2] => 0.00
            [verify_sign] => A3pTw6bl6mWGBjibFNMgWPoVeLbMAZE7xaicliDmGus-4omOmfIUXdkE
            [payer_email] => demaria-buyer@tatianafaberge.it
            [mc_shipping1] => 40.00
            [mc_shipping2] => 0.00
            [tax1] => 0.00
            [tax2] => 0.00
            [txn_id] => 192410586M234423H
            [payment_type] => instant
            [last_name] => buyer
            [item_name1] => P000816-B-W ( Size: 28 mm )
            [receiver_email] => luca.castellone@gmail.com
            [item_name2] => P000817-R-W ( Size: 25 mm )
            [payment_fee] => 
            [quantity1] => 1
            [quantity2] => 2
            [receiver_id] => TW9L9NKJKYTVY
            [txn_type] => cart
            [mc_gross_1] => 168.00
            [mc_currency] => EUR
            [mc_gross_2] => 256.00
            [residence_country] => IT
            [test_ipn] => 1
            [transaction_subject] => 
            [payment_gross] => 
            [ipn_track_id] => bce7dff255200
        )

    [timeout] => 60
    [httpversion] => 1.1
    [compress] => 
    [decompress] => 
    [user-agent] => WooCommerce/2.6.0
)

05-19-2016 @ 14:27:08 - IPN Response: Array
(
    [headers] => Array
        (
            [date] => Thu, 19 May 2016 12:27:08 GMT
            [server] => Apache
            [x-frame-options] => SAMEORIGIN
            [set-cookie] => Array
                (
                    [0] => c9MWDuvPtT9GIMyPc3jwol1VSlO=PJH-QduYIyX8Vgdim1titeu3YTS30z0KEAh2uzLb82tEI3iCZYZaLhMCEXadkRQg7lmCtY7BZOu7rurx3WDrD2HtGU1YZ8ImWpQlwX5K1Dwd-Iwfrw9yaQQ2Tuv2Rs-yYco7JEsdZrlaYlmoAyChvZBAjYsn7ywZFQ9XMxhYp9qTqldV1vZBehbsS6Hk-0bbRkYbbKMb0Dpdcuvg8mEi92YGFPyoy_3lncCoBMtM4lNGNg0cab19Fsgn1XB87j5JBUI8_OL1gK8kJ4EQAhG6IwO6M9CPwrYXWUOKUiQC0l6P7AZEpXSMGMiM0XO9d-5ztHXk7ZGWR7Hl-b9nW1C54YA-OU8VTqs7cAUPeqbgarw7JKxbaTZkQhcDLtLcZzWj7RCjJNJWbVNqb0_QelfsDmrBfTYuAAJF_3DgFDwPP8oM-m88W1BeDEcmOZy; domain=.paypal.com; path=/; Secure; HttpOnly
                    [1] => cookie_check=yes; expires=Sun, 17-May-2026 12:27:08 GMT; domain=.paypal.com; path=/; Secure; HttpOnly
                    [2] => navcmd=_notify-validate; domain=.paypal.com; path=/; Secure; HttpOnly
                    [3] => navlns=0.0; expires=Sat, 19-May-2018 12:27:08 GMT; domain=.paypal.com; path=/; Secure; HttpOnly
                    [4] => Apache=10.72.108.11.1463660828092551; path=/; expires=Sat, 12-May-46 12:27:08 GMT
                    [5] => X-PP-SILOVER=name%3DSANDBOX3.WEB.1%26silo_version%3D1880%26app%3Dappdispatcher%26TIME%3D481377623%26HTTP_X_PP_AZ_LOCATOR%3Dsandbox.slc; Expires=Thu, 19 May 2016 12:57:08 GMT; domain=.paypal.com; path=/; Secure; HttpOnly
                    [6] => X-PP-SILOVER=; Expires=Thu, 01 Jan 1970 00:00:01 GMT
                )

            [vary] => Accept-Encoding,User-Agent
            [connection] => close
            [http_x_pp_az_locator] => sandbox.slc
            [paypal-debug-id] => 989f31af1135d
            [strict-transport-security] => max-age=14400
            [transfer-encoding] => chunked
            [content-type] => text/html; charset=UTF-8
        )

    [body] => VERIFIED
    [response] => Array
        (
            [code] => 200
            [message] => OK
        )

    [cookies] => Array
        (
            [0] => WP_Http_Cookie Object
                (
                    [name] => c9MWDuvPtT9GIMyPc3jwol1VSlO
                    [value] => PJH-QduYIyX8Vgdim1titeu3YTS30z0KEAh2uzLb82tEI3iCZYZaLhMCEXadkRQg7lmCtY7BZOu7rurx3WDrD2HtGU1YZ8ImWpQlwX5K1Dwd-Iwfrw9yaQQ2Tuv2Rs-yYco7JEsdZrlaYlmoAyChvZBAjYsn7ywZFQ9XMxhYp9qTqldV1vZBehbsS6Hk-0bbRkYbbKMb0Dpdcuvg8mEi92YGFPyoy_3lncCoBMtM4lNGNg0cab19Fsgn1XB87j5JBUI8_OL1gK8kJ4EQAhG6IwO6M9CPwrYXWUOKUiQC0l6P7AZEpXSMGMiM0XO9d-5ztHXk7ZGWR7Hl-b9nW1C54YA-OU8VTqs7cAUPeqbgarw7JKxbaTZkQhcDLtLcZzWj7RCjJNJWbVNqb0_QelfsDmrBfTYuAAJF_3DgFDwPP8oM-m88W1BeDEcmOZy
                    [expires] => 
                    [path] => /
                    [domain] => .paypal.com
                    [secure] => 
                    [httponly] => 
                )

            [1] => WP_Http_Cookie Object
                (
                    [name] => cookie_check
                    [value] => yes
                    [expires] => 1779020828
                    [path] => /
                    [domain] => .paypal.com
                    [secure] => 
                    [httponly] => 
                )

            [2] => WP_Http_Cookie Object
                (
                    [name] => navcmd
                    [value] => _notify-validate
                    [expires] => 
                    [path] => /
                    [domain] => .paypal.com
                    [secure] => 
                    [httponly] => 
                )

            [3] => WP_Http_Cookie Object
                (
                    [name] => navlns
                    [value] => 0.0
                    [expires] => 1526732828
                    [path] => /
                    [domain] => .paypal.com
                    [secure] => 
                    [httponly] => 
                )

            [4] => WP_Http_Cookie Object
                (
                    [name] => Apache
                    [value] => 10.72.108.11.1463660828092551
                    [expires] => 2409740828
                    [path] => /
                    [domain] => www.sandbox.paypal.com
                )

            [5] => WP_Http_Cookie Object
                (
                    [name] => X-PP-SILOVER
                    [value] => name=SANDBOX3.WEB.1&silo_version=1880&app=appdispatcher&TIME=481377623&HTTP_X_PP_AZ_LOCATOR=sandbox.slc
                    [expires] => 1463662628
                    [path] => /
                    [domain] => .paypal.com
                    [secure] => 
                    [httponly] => 
                )

            [6] => WP_Http_Cookie Object
                (
                    [name] => X-PP-SILOVER
                    [value] => 
                    [expires] => 1
                    [path] => /cgi-bin/
                    [domain] => www.sandbox.paypal.com
                )

        )

    [filename] => 
)

05-19-2016 @ 14:27:08 - Received valid response from PayPal
05-19-2016 @ 14:27:08 - Found order #4820
05-19-2016 @ 14:27:08 - Payment status: completed
